<?xml version="1.0" encoding="UTF-8"?>
<!-- Generated by org.testng.reporters.JUnitReportReporter -->
<testsuite hostname="MSI" failures="0" tests="4" name="runnerClasses.AmazonRunner" time="50.292" errors="0" timestamp="2024-05-27T13:53:24 IST" skipped="0">
  <testcase classname="runnerClasses.AmazonRunner" name="runScenario" time="9.582"/>
  <system-out/>
  <testcase classname="runnerClasses.AmazonRunner" name="runScenario" time="11.233"/>
  <system-out/>
  <testcase classname="runnerClasses.AmazonRunner" name="runScenario" time="8.856"/>
  <system-out/>
  <testcase classname="runnerClasses.AmazonRunner" name="runScenario" time="20.621"/>
  <system-out/>
</testsuite> <!-- runnerClasses.AmazonRunner -->
