<?xml version="1.0" encoding="UTF-8"?>
<!-- Generated by org.testng.reporters.JUnitReportReporter -->
<testsuite hostname="MSI" failures="0" tests="3" name="runnerClasses.HomePageRunner" time="34.422" errors="0" timestamp="2024-05-27T03:02:59 IST" skipped="0">
  <testcase classname="runnerClasses.HomePageRunner" name="runScenario" time="7.705"/>
  <system-out/>
  <testcase classname="runnerClasses.HomePageRunner" name="runScenario" time="18.685"/>
  <system-out/>
  <testcase classname="runnerClasses.HomePageRunner" name="runScenario" time="8.032"/>
  <system-out/>
</testsuite> <!-- runnerClasses.HomePageRunner -->
